<?xml version="1.0" encoding="UTF-8"?>
<persistence version="2.0"
	xmlns="http://java.sun.com/xml/ns/persistence" xmlns:xsi="http://www.w3.org/2001/XMLSchema-instance"
	xsi:schemaLocation="
        http://java.sun.com/xml/ns/persistence
        http://java.sun.com/xml/ns/persistence/persistence_2_0.xsd">
	<persistence-unit name="primary">
        <jta-data-source>java:jboss/datasources/ShuttleTestDS</jta-data-source>
		<shared-cache-mode>ENABLE_SELECTIVE</shared-cache-mode>
		<properties>
			<!-- Properties for Hibernate -->
			<property name="hibernate.cache.use_second_level_cache" value="true" />
			<property name="hibernate.cache.use_query_cache" value="true" />
			<property name="hibernate.dialect" value="org.hibernate.dialect.PostgreSQLDialect" />
			<property name="hibernate.hbm2ddl.auto" value="create" />
			<property name="hibernate.id.new_generator_mappings" value="true" />			
            <!-- Only format when you need to debug, because it slows things down -->
            <property name="hibernate.format_sql" value="false"/>
            <property name="hibernate.show_sql" value="false"/>
		</properties>
	</persistence-unit>
</persistence>